[0.024s] Invoking command in '/home/o_oji/slam_nav_ws/build/slam_nav_system': CMAKE_PREFIX_PATH=/opt/ros/humble /usr/bin/cmake /home/o_oji/slam_nav_ws/src/slam_nav_system -DCMAKE_INSTALL_PREFIX=/home/o_oji/slam_nav_ws/install/slam_nav_system
[0.046s] -- Found ament_cmake: 1.3.12 (/opt/ros/humble/share/ament_cmake/cmake)
[0.222s] -- Found rclcpp: 16.0.17 (/opt/ros/humble/share/rclcpp/cmake)
[0.259s] -- Found rosidl_generator_c: 3.1.8 (/opt/ros/humble/share/rosidl_generator_c/cmake)
[0.263s] -- Found rosidl_adapter: 3.1.8 (/opt/ros/humble/share/rosidl_adapter/cmake)
[0.270s] -- Found rosidl_generator_cpp: 3.1.8 (/opt/ros/humble/share/rosidl_generator_cpp/cmake)
[0.281s] -- Using all available rosidl_typesupport_c: rosidl_typesupport_fastrtps_c;rosidl_typesupport_introspection_c
[0.296s] -- Using all available rosidl_typesupport_cpp: rosidl_typesupport_fastrtps_cpp;rosidl_typesupport_introspection_cpp
[0.333s] -- Found rmw_implementation_cmake: 6.1.2 (/opt/ros/humble/share/rmw_implementation_cmake/cmake)
[0.335s] -- Found rmw_fastrtps_cpp: 6.2.9 (/opt/ros/humble/share/rmw_fastrtps_cpp/cmake)
[0.497s] -- Using RMW implementation 'rmw_fastrtps_cpp' as default
[0.563s] -- Found rclcpp_action: 16.0.17 (/opt/ros/humble/share/rclcpp_action/cmake)
[0.598s] -- Found nav2_msgs: 1.1.20 (/opt/ros/humble/share/nav2_msgs/cmake)
[0.677s] -- Found sensor_msgs: 4.9.0 (/opt/ros/humble/share/sensor_msgs/cmake)
[0.725s] -- Found tf2: 0.25.18 (/opt/ros/humble/share/tf2/cmake)
[0.731s] -- Found tf2_ros: 0.25.18 (/opt/ros/humble/share/tf2_ros/cmake)
[0.788s] -- Found ament_lint_auto: 0.12.14 (/opt/ros/humble/share/ament_lint_auto/cmake)
[0.931s] -- Added test 'cppcheck' to perform static code analysis on C / C++ code
[0.933s] -- Configured cppcheck include dirs: /home/o_oji/slam_nav_ws/src/slam_nav_system/include
[0.933s] -- Configured cppcheck exclude dirs and/or files: 
[0.935s] -- Added test 'lint_cmake' to check CMake code style
[0.940s] -- Added test 'uncrustify' to check C / C++ code style
[0.940s] -- Configured uncrustify additional arguments: 
[0.942s] -- Added test 'xmllint' to check XML markup files
[0.946s] -- Configuring done
[0.976s] -- Generating done
[0.984s] -- Build files have been written to: /home/o_oji/slam_nav_ws/build/slam_nav_system
[1.004s] Invoked command in '/home/o_oji/slam_nav_ws/build/slam_nav_system' returned '0': CMAKE_PREFIX_PATH=/opt/ros/humble /usr/bin/cmake /home/o_oji/slam_nav_ws/src/slam_nav_system -DCMAKE_INSTALL_PREFIX=/home/o_oji/slam_nav_ws/install/slam_nav_system
[1.005s] Invoking command in '/home/o_oji/slam_nav_ws/build/slam_nav_system': CMAKE_PREFIX_PATH=/opt/ros/humble /usr/bin/cmake --build /home/o_oji/slam_nav_ws/build/slam_nav_system -- -j4 -l4
[1.142s] [ 16%] [32mBuilding CXX object CMakeFiles/slam_nav_system.dir/src/slam_manager.cpp.o[0m
[1.144s] [ 33%] [32mBuilding CXX object CMakeFiles/slam_nav_system.dir/src/navigation_manager.cpp.o[0m
[1.144s] [ 50%] [32mBuilding CXX object CMakeFiles/slam_nav_system.dir/src/main_system_node.cpp.o[0m
[1.166s] [ 66%] [32mBuilding CXX object CMakeFiles/slam_nav_system.dir/src/localization_manager.cpp.o[0m
[1.248s] [ 83%] [32mBuilding CXX object CMakeFiles/slam_nav_system.dir/src/obstacle_monitor.cpp.o[0m
[18.391s] [100%] [32m[1mLinking CXX executable slam_nav_system[0m
[19.469s] /usr/bin/ld: CMakeFiles/slam_nav_system.dir/src/main_system_node.cpp.o: in function `slam_nav_system::SlamNavSystemNode::setupGoalSubscription()::{lambda(std::shared_ptr<geometry_msgs::msg::PoseStamped_<std::allocator<void> > >)#1}::operator()(std::shared_ptr<geometry_msgs::msg::PoseStamped_<std::allocator<void> > >) const':
[19.469s] main_system_node.cpp:(.text._ZZN15slam_nav_system17SlamNavSystemNode21setupGoalSubscriptionEvENKUlSt10shared_ptrIN13geometry_msgs3msg12PoseStamped_ISaIvEEEEE_clES7_[_ZZN15slam_nav_system17SlamNavSystemNode21setupGoalSubscriptionEvENKUlSt10shared_ptrIN13geometry_msgs3msg12PoseStamped_ISaIvEEEEE_clES7_]+0x1d7): undefined reference to `slam_nav_system::NavigationManager::sendGoal(geometry_msgs::msg::PoseStamped_<std::allocator<void> > const&)'
[19.472s] /usr/bin/ld: CMakeFiles/slam_nav_system.dir/src/main_system_node.cpp.o: in function `std::_MakeUniq<slam_nav_system::SLAMManager>::__single_object std::make_unique<slam_nav_system::SLAMManager, std::shared_ptr<rclcpp::Node>&>(std::shared_ptr<rclcpp::Node>&)':
[19.472s] main_system_node.cpp:(.text._ZSt11make_uniqueIN15slam_nav_system11SLAMManagerEJRSt10shared_ptrIN6rclcpp4NodeEEEENSt9_MakeUniqIT_E15__single_objectEDpOT0_[_ZSt11make_uniqueIN15slam_nav_system11SLAMManagerEJRSt10shared_ptrIN6rclcpp4NodeEEEENSt9_MakeUniqIT_E15__single_objectEDpOT0_]+0x39): undefined reference to `slam_nav_system::SLAMManager::SLAMManager(std::shared_ptr<rclcpp::Node> const&)'
[19.473s] /usr/bin/ld: CMakeFiles/slam_nav_system.dir/src/main_system_node.cpp.o: in function `std::_MakeUniq<slam_nav_system::LocalizationManager>::__single_object std::make_unique<slam_nav_system::LocalizationManager, std::shared_ptr<rclcpp::Node>&>(std::shared_ptr<rclcpp::Node>&)':
[19.473s] main_system_node.cpp:(.text._ZSt11make_uniqueIN15slam_nav_system19LocalizationManagerEJRSt10shared_ptrIN6rclcpp4NodeEEEENSt9_MakeUniqIT_E15__single_objectEDpOT0_[_ZSt11make_uniqueIN15slam_nav_system19LocalizationManagerEJRSt10shared_ptrIN6rclcpp4NodeEEEENSt9_MakeUniqIT_E15__single_objectEDpOT0_]+0x39): undefined reference to `slam_nav_system::LocalizationManager::LocalizationManager(std::shared_ptr<rclcpp::Node> const&)'
[19.475s] /usr/bin/ld: CMakeFiles/slam_nav_system.dir/src/main_system_node.cpp.o: in function `std::_MakeUniq<slam_nav_system::NavigationManager>::__single_object std::make_unique<slam_nav_system::NavigationManager, std::shared_ptr<rclcpp::Node>&>(std::shared_ptr<rclcpp::Node>&)':
[19.475s] main_system_node.cpp:(.text._ZSt11make_uniqueIN15slam_nav_system17NavigationManagerEJRSt10shared_ptrIN6rclcpp4NodeEEEENSt9_MakeUniqIT_E15__single_objectEDpOT0_[_ZSt11make_uniqueIN15slam_nav_system17NavigationManagerEJRSt10shared_ptrIN6rclcpp4NodeEEEENSt9_MakeUniqIT_E15__single_objectEDpOT0_]+0x39): undefined reference to `slam_nav_system::NavigationManager::NavigationManager(std::shared_ptr<rclcpp::Node> const&)'
[19.476s] /usr/bin/ld: CMakeFiles/slam_nav_system.dir/src/main_system_node.cpp.o: in function `std::_MakeUniq<slam_nav_system::ObstacleMonitor>::__single_object std::make_unique<slam_nav_system::ObstacleMonitor, std::shared_ptr<rclcpp::Node>&>(std::shared_ptr<rclcpp::Node>&)':
[19.477s] main_system_node.cpp:(.text._ZSt11make_uniqueIN15slam_nav_system15ObstacleMonitorEJRSt10shared_ptrIN6rclcpp4NodeEEEENSt9_MakeUniqIT_E15__single_objectEDpOT0_[_ZSt11make_uniqueIN15slam_nav_system15ObstacleMonitorEJRSt10shared_ptrIN6rclcpp4NodeEEEENSt9_MakeUniqIT_E15__single_objectEDpOT0_]+0x39): undefined reference to `slam_nav_system::ObstacleMonitor::ObstacleMonitor(std::shared_ptr<rclcpp::Node> const&)'
[19.562s] collect2: error: ld returned 1 exit status
[19.568s] gmake[2]: *** [CMakeFiles/slam_nav_system.dir/build.make:285: slam_nav_system] Error 1
[19.569s] gmake[1]: *** [CMakeFiles/Makefile2:137: CMakeFiles/slam_nav_system.dir/all] Error 2
[19.569s] gmake: *** [Makefile:146: all] Error 2
[19.576s] Invoked command in '/home/o_oji/slam_nav_ws/build/slam_nav_system' returned '2': CMAKE_PREFIX_PATH=/opt/ros/humble /usr/bin/cmake --build /home/o_oji/slam_nav_ws/build/slam_nav_system -- -j4 -l4
